<?xml version="1.0" encoding="UTF-8"?>
<coverage generated="1524604088296" clover="3.2.0">
  <project timestamp="1524604088296" name="All files">
    <metrics statements="87" coveredstatements="34" conditionals="55" coveredconditionals="14" methods="28" coveredmethods="14" elements="170" coveredelements="62" complexity="0" loc="87" ncloc="87" packages="2" files="4" classes="4">
      <package name="src">
        <metrics statements="86" coveredstatements="33" conditionals="55" coveredconditionals="14" methods="28" coveredmethods="14"/>
        <file name="CloseBtn.js" path="/mnt/d/code/libraries/L.Control.NorkartSearch/src/CloseBtn.js">
          <metrics statements="1" coveredstatements="1" conditionals="0" coveredconditionals="0" methods="1" coveredmethods="1"/>
          <line num="4" count="1" type="stmt"/>
        </file>
        <file name="SearchBox.js" path="/mnt/d/code/libraries/L.Control.NorkartSearch/src/SearchBox.js">
          <metrics statements="83" coveredstatements="30" conditionals="55" coveredconditionals="14" methods="26" coveredmethods="12"/>
          <line num="9" count="0" type="stmt"/>
          <line num="10" count="0" type="stmt"/>
          <line num="14" count="0" type="stmt"/>
          <line num="19" count="1" type="stmt"/>
          <line num="20" count="1" type="stmt"/>
          <line num="23" count="1" type="stmt"/>
          <line num="26" count="0" type="stmt"/>
          <line num="27" count="0" type="stmt"/>
          <line num="28" count="0" type="stmt"/>
          <line num="32" count="0" type="stmt"/>
          <line num="36" count="3" type="stmt"/>
          <line num="37" count="3" type="cond" truecount="2" falsecount="2"/>
          <line num="38" count="0" type="stmt"/>
          <line num="40" count="3" type="cond" truecount="1" falsecount="1"/>
          <line num="41" count="0" type="stmt"/>
          <line num="43" count="3" type="stmt"/>
          <line num="54" count="1" type="stmt"/>
          <line num="57" count="2" type="cond" truecount="1" falsecount="1"/>
          <line num="58" count="0" type="stmt"/>
          <line num="62" count="2" type="cond" truecount="4" falsecount="0"/>
          <line num="63" count="1" type="stmt"/>
          <line num="65" count="1" type="stmt"/>
          <line num="66" count="3" type="stmt"/>
          <line num="75" count="1" type="stmt"/>
          <line num="78" count="3" type="stmt"/>
          <line num="91" count="1" type="stmt"/>
          <line num="94" count="4" type="stmt"/>
          <line num="98" count="0" type="stmt"/>
          <line num="102" count="1" type="stmt"/>
          <line num="112" count="4" type="stmt"/>
          <line num="125" count="0" type="cond" truecount="0" falsecount="4"/>
          <line num="126" count="0" type="cond" truecount="0" falsecount="2"/>
          <line num="127" count="0" type="cond" truecount="0" falsecount="2"/>
          <line num="128" count="0" type="stmt"/>
          <line num="130" count="0" type="stmt"/>
          <line num="133" count="0" type="stmt"/>
          <line num="134" count="0" type="stmt"/>
          <line num="135" count="0" type="stmt"/>
          <line num="137" count="0" type="cond" truecount="0" falsecount="2"/>
          <line num="138" count="0" type="stmt"/>
          <line num="139" count="0" type="cond" truecount="0" falsecount="2"/>
          <line num="140" count="0" type="stmt"/>
          <line num="146" count="0" type="stmt"/>
          <line num="147" count="0" type="stmt"/>
          <line num="148" count="0" type="cond" truecount="0" falsecount="2"/>
          <line num="149" count="0" type="stmt"/>
          <line num="151" count="0" type="stmt"/>
          <line num="152" count="0" type="cond" truecount="0" falsecount="2"/>
          <line num="154" count="0" type="stmt"/>
          <line num="156" count="0" type="stmt"/>
          <line num="160" count="0" type="cond" truecount="0" falsecount="4"/>
          <line num="161" count="0" type="stmt"/>
          <line num="166" count="1" type="stmt"/>
          <line num="170" count="0" type="stmt"/>
          <line num="173" count="0" type="stmt"/>
          <line num="177" count="0" type="stmt"/>
          <line num="181" count="0" type="cond" truecount="0" falsecount="2"/>
          <line num="182" count="0" type="stmt"/>
          <line num="183" count="0" type="cond" truecount="0" falsecount="2"/>
          <line num="184" count="0" type="stmt"/>
          <line num="185" count="0" type="cond" truecount="0" falsecount="2"/>
          <line num="186" count="0" type="stmt"/>
          <line num="188" count="0" type="stmt"/>
          <line num="192" count="0" type="stmt"/>
          <line num="201" count="1" type="cond" truecount="1" falsecount="1"/>
          <line num="202" count="0" type="stmt"/>
          <line num="203" count="1" type="cond" truecount="1" falsecount="1"/>
          <line num="204" count="0" type="stmt"/>
          <line num="209" count="1" type="stmt"/>
          <line num="221" count="0" type="cond" truecount="0" falsecount="5"/>
          <line num="222" count="0" type="stmt"/>
          <line num="227" count="1" type="stmt"/>
          <line num="228" count="1" type="stmt"/>
          <line num="229" count="1" type="cond" truecount="1" falsecount="1"/>
          <line num="230" count="1" type="stmt"/>
          <line num="231" count="1" type="cond" truecount="1" falsecount="1"/>
          <line num="232" count="1" type="stmt"/>
          <line num="233" count="0" type="cond" truecount="0" falsecount="2"/>
          <line num="234" count="0" type="stmt"/>
          <line num="236" count="0" type="stmt"/>
          <line num="239" count="0" type="stmt"/>
          <line num="240" count="0" type="stmt"/>
          <line num="245" count="5" type="stmt"/>
        </file>
        <file name="SearchIcon.js" path="/mnt/d/code/libraries/L.Control.NorkartSearch/src/SearchIcon.js">
          <metrics statements="2" coveredstatements="2" conditionals="0" coveredconditionals="0" methods="1" coveredmethods="1"/>
          <line num="4" count="1" type="stmt"/>
          <line num="6" count="2" type="stmt"/>
        </file>
      </package>
      <package name="tools">
        <metrics statements="1" coveredstatements="1" conditionals="0" coveredconditionals="0" methods="0" coveredmethods="0"/>
        <file name="setupTests.js" path="/mnt/d/code/libraries/L.Control.NorkartSearch/tools/setupTests.js">
          <metrics statements="1" coveredstatements="1" conditionals="0" coveredconditionals="0" methods="0" coveredmethods="0"/>
          <line num="4" count="1" type="stmt"/>
        </file>
      </package>
    </metrics>
  </project>
</coverage>
