<?xml version="1.0" encoding="UTF-8"?>
<coverage generated="1524608481186" clover="3.2.0">
  <project timestamp="1524608481186" name="All files">
    <metrics statements="87" coveredstatements="74" conditionals="55" coveredconditionals="44" methods="28" coveredmethods="22" elements="170" coveredelements="140" complexity="0" loc="87" ncloc="87" packages="2" files="6" classes="6">
      <package name="src">
        <metrics statements="86" coveredstatements="73" conditionals="55" coveredconditionals="44" methods="28" coveredmethods="22"/>
        <file name="CloseBtn.js" path="/mnt/d/code/libraries/L.Control.NorkartSearch/src/CloseBtn.js">
          <metrics statements="1" coveredstatements="1" conditionals="0" coveredconditionals="0" methods="1" coveredmethods="1"/>
          <line num="4" count="26" type="stmt"/>
        </file>
        <file name="HitElement.js" path="/mnt/d/code/libraries/L.Control.NorkartSearch/src/HitElement.js">
          <metrics statements="11" coveredstatements="10" conditionals="6" coveredconditionals="6" methods="3" coveredmethods="2"/>
          <line num="4" count="1" type="stmt"/>
          <line num="7" count="4" type="stmt"/>
          <line num="8" count="4" type="stmt"/>
          <line num="9" count="4" type="stmt"/>
          <line num="13" count="0" type="stmt"/>
          <line num="17" count="63" type="stmt"/>
          <line num="18" count="63" type="cond" truecount="4" falsecount="0"/>
          <line num="19" count="9" type="stmt"/>
          <line num="21" count="63" type="cond" truecount="2" falsecount="0"/>
          <line num="22" count="2" type="stmt"/>
          <line num="24" count="63" type="stmt"/>
        </file>
        <file name="HitList.js" path="/mnt/d/code/libraries/L.Control.NorkartSearch/src/HitList.js">
          <metrics statements="9" coveredstatements="9" conditionals="6" coveredconditionals="6" methods="3" coveredmethods="3"/>
          <line num="6" count="1" type="stmt"/>
          <line num="9" count="44" type="cond" truecount="2" falsecount="0"/>
          <line num="10" count="2" type="stmt"/>
          <line num="14" count="42" type="cond" truecount="4" falsecount="0"/>
          <line num="15" count="21" type="stmt"/>
          <line num="17" count="21" type="stmt"/>
          <line num="18" count="63" type="stmt"/>
          <line num="27" count="21" type="stmt"/>
          <line num="30" count="63" type="stmt"/>
        </file>
        <file name="SearchBox.js" path="/mnt/d/code/libraries/L.Control.NorkartSearch/src/SearchBox.js">
          <metrics statements="63" coveredstatements="51" conditionals="43" coveredconditionals="32" methods="20" coveredmethods="15"/>
          <line num="9" count="0" type="stmt"/>
          <line num="10" count="0" type="stmt"/>
          <line num="14" count="0" type="stmt"/>
          <line num="19" count="12" type="stmt"/>
          <line num="20" count="12" type="stmt"/>
          <line num="27" count="1" type="stmt"/>
          <line num="30" count="16" type="stmt"/>
          <line num="34" count="0" type="stmt"/>
          <line num="38" count="1" type="stmt"/>
          <line num="48" count="16" type="stmt"/>
          <line num="61" count="11" type="cond" truecount="4" falsecount="0"/>
          <line num="62" count="2" type="cond" truecount="1" falsecount="1"/>
          <line num="63" count="0" type="cond" truecount="0" falsecount="2"/>
          <line num="64" count="0" type="stmt"/>
          <line num="66" count="0" type="stmt"/>
          <line num="69" count="2" type="stmt"/>
          <line num="70" count="2" type="stmt"/>
          <line num="71" count="2" type="stmt"/>
          <line num="73" count="9" type="cond" truecount="2" falsecount="0"/>
          <line num="74" count="7" type="stmt"/>
          <line num="75" count="2" type="cond" truecount="1" falsecount="1"/>
          <line num="76" count="2" type="stmt"/>
          <line num="82" count="6" type="stmt"/>
          <line num="83" count="6" type="stmt"/>
          <line num="84" count="6" type="cond" truecount="2" falsecount="0"/>
          <line num="85" count="3" type="stmt"/>
          <line num="87" count="6" type="stmt"/>
          <line num="88" count="6" type="cond" truecount="2" falsecount="0"/>
          <line num="90" count="5" type="stmt"/>
          <line num="92" count="6" type="stmt"/>
          <line num="96" count="0" type="cond" truecount="0" falsecount="4"/>
          <line num="97" count="0" type="stmt"/>
          <line num="102" count="13" type="stmt"/>
          <line num="106" count="1" type="stmt"/>
          <line num="109" count="0" type="stmt"/>
          <line num="113" count="9" type="stmt"/>
          <line num="117" count="9" type="cond" truecount="2" falsecount="0"/>
          <line num="118" count="9" type="stmt"/>
          <line num="119" count="9" type="cond" truecount="2" falsecount="0"/>
          <line num="120" count="1" type="stmt"/>
          <line num="121" count="8" type="cond" truecount="2" falsecount="0"/>
          <line num="122" count="1" type="stmt"/>
          <line num="124" count="9" type="stmt"/>
          <line num="128" count="1" type="stmt"/>
          <line num="137" count="12" type="cond" truecount="1" falsecount="1"/>
          <line num="138" count="0" type="stmt"/>
          <line num="139" count="12" type="cond" truecount="2" falsecount="0"/>
          <line num="140" count="2" type="stmt"/>
          <line num="145" count="10" type="stmt"/>
          <line num="157" count="2" type="cond" truecount="4" falsecount="1"/>
          <line num="158" count="2" type="stmt"/>
          <line num="163" count="14" type="stmt"/>
          <line num="164" count="14" type="stmt"/>
          <line num="165" count="14" type="cond" truecount="2" falsecount="0"/>
          <line num="166" count="13" type="stmt"/>
          <line num="167" count="13" type="cond" truecount="2" falsecount="0"/>
          <line num="168" count="12" type="stmt"/>
          <line num="169" count="1" type="cond" truecount="1" falsecount="1"/>
          <line num="170" count="0" type="stmt"/>
          <line num="172" count="1" type="stmt"/>
          <line num="175" count="1" type="stmt"/>
          <line num="176" count="1" type="stmt"/>
          <line num="181" count="47" type="stmt"/>
        </file>
        <file name="SearchIcon.js" path="/mnt/d/code/libraries/L.Control.NorkartSearch/src/SearchIcon.js">
          <metrics statements="2" coveredstatements="2" conditionals="0" coveredconditionals="0" methods="1" coveredmethods="1"/>
          <line num="4" count="1" type="stmt"/>
          <line num="6" count="44" type="stmt"/>
        </file>
      </package>
      <package name="tools">
        <metrics statements="1" coveredstatements="1" conditionals="0" coveredconditionals="0" methods="0" coveredmethods="0"/>
        <file name="setupTests.js" path="/mnt/d/code/libraries/L.Control.NorkartSearch/tools/setupTests.js">
          <metrics statements="1" coveredstatements="1" conditionals="0" coveredconditionals="0" methods="0" coveredmethods="0"/>
          <line num="4" count="1" type="stmt"/>
        </file>
      </package>
    </metrics>
  </project>
</coverage>
