{"/mnt/d/code/libraries/L.Control.NorkartSearch/src/CloseBtn.js": {"path":"/mnt/d/code/libraries/L.Control.NorkartSearch/src/CloseBtn.js","statementMap":{"0":{"start":{"line":4,"column":4},"end":{"line":17,"column":6}}},"fnMap":{"0":{"name":"CloseBtn","decl":{"start":{"line":3,"column":24},"end":{"line":3,"column":32}},"loc":{"start":{"line":3,"column":40},"end":{"line":18,"column":1}},"line":3}},"branchMap":{},"s":{"0":1},"f":{"0":1},"b":{},"_coverageSchema":"332fd63041d2c1bcb487cc26dd0d5f7d97098a6c","hash":"51d2f53f2554fb71b20c152bbfc6330597bef27e"}
,"/mnt/d/code/libraries/L.Control.NorkartSearch/src/SearchBox.js": {"path":"/mnt/d/code/libraries/L.Control.NorkartSearch/src/SearchBox.js","statementMap":{"0":{"start":{"line":9,"column":4},"end":{"line":15,"column":7}},"1":{"start":{"line":10,"column":16},"end":{"line":13,"column":9}},"2":{"start":{"line":14,"column":8},"end":{"line":14,"column":54}},"3":{"start":{"line":19,"column":12},"end":{"line":19,"column":36}},"4":{"start":{"line":20,"column":4},"end":{"line":20,"column":50}},"5":{"start":{"line":23,"column":17},"end":{"line":52,"column":2}},"6":{"start":{"line":26,"column":8},"end":{"line":26,"column":27}},"7":{"start":{"line":27,"column":8},"end":{"line":27,"column":28}},"8":{"start":{"line":28,"column":8},"end":{"line":28,"column":53}},"9":{"start":{"line":32,"column":8},"end":{"line":32,"column":49}},"10":{"start":{"line":36,"column":24},"end":{"line":36,"column":41}},"11":{"start":{"line":37,"column":8},"end":{"line":39,"column":9}},"12":{"start":{"line":38,"column":12},"end":{"line":38,"column":34}},"13":{"start":{"line":40,"column":8},"end":{"line":42,"column":9}},"14":{"start":{"line":41,"column":12},"end":{"line":41,"column":35}},"15":{"start":{"line":43,"column":8},"end":{"line":50,"column":10}},"16":{"start":{"line":54,"column":14},"end":{"line":89,"column":2}},"17":{"start":{"line":57,"column":8},"end":{"line":61,"column":9}},"18":{"start":{"line":58,"column":12},"end":{"line":60,"column":14}},"19":{"start":{"line":62,"column":8},"end":{"line":64,"column":9}},"20":{"start":{"line":63,"column":12},"end":{"line":63,"column":24}},"21":{"start":{"line":65,"column":19},"end":{"line":73,"column":21}},"22":{"start":{"line":66,"column":12},"end":{"line":72,"column":14}},"23":{"start":{"line":75,"column":8},"end":{"line":87,"column":10}},"24":{"start":{"line":78,"column":20},"end":{"line":84,"column":22}},"25":{"start":{"line":91,"column":16},"end":{"line":276,"column":2}},"26":{"start":{"line":94,"column":8},"end":{"line":94,"column":72}},"27":{"start":{"line":98,"column":8},"end":{"line":98,"column":75}},"28":{"start":{"line":102,"column":8},"end":{"line":108,"column":10}},"29":{"start":{"line":112,"column":8},"end":{"line":120,"column":10}},"30":{"start":{"line":125,"column":8},"end":{"line":141,"column":9}},"31":{"start":{"line":126,"column":12},"end":{"line":136,"column":13}},"32":{"start":{"line":127,"column":16},"end":{"line":131,"column":17}},"33":{"start":{"line":128,"column":20},"end":{"line":128,"column":40}},"34":{"start":{"line":130,"column":20},"end":{"line":130,"column":59}},"35":{"start":{"line":133,"column":16},"end":{"line":133,"column":52}},"36":{"start":{"line":134,"column":36},"end":{"line":134,"column":57}},"37":{"start":{"line":135,"column":16},"end":{"line":135,"column":48}},"38":{"start":{"line":137,"column":15},"end":{"line":141,"column":9}},"39":{"start":{"line":138,"column":12},"end":{"line":138,"column":37}},"40":{"start":{"line":139,"column":15},"end":{"line":141,"column":9}},"41":{"start":{"line":140,"column":12},"end":{"line":140,"column":38}},"42":{"start":{"line":146,"column":8},"end":{"line":146,"column":54}},"43":{"start":{"line":147,"column":18},"end":{"line":147,"column":48}},"44":{"start":{"line":148,"column":8},"end":{"line":150,"column":9}},"45":{"start":{"line":149,"column":12},"end":{"line":149,"column":40}},"46":{"start":{"line":151,"column":20},"end":{"line":151,"column":36}},"47":{"start":{"line":152,"column":8},"end":{"line":155,"column":9}},"48":{"start":{"line":154,"column":12},"end":{"line":154,"column":38}},"49":{"start":{"line":156,"column":8},"end":{"line":156,"column":29}},"50":{"start":{"line":160,"column":8},"end":{"line":162,"column":9}},"51":{"start":{"line":161,"column":12},"end":{"line":161,"column":29}},"52":{"start":{"line":166,"column":8},"end":{"line":166,"column":31}},"53":{"start":{"line":170,"column":8},"end":{"line":170,"column":44}},"54":{"start":{"line":173,"column":8},"end":{"line":173,"column":43}},"55":{"start":{"line":177,"column":8},"end":{"line":177,"column":43}},"56":{"start":{"line":181,"column":27},"end":{"line":181,"column":86}},"57":{"start":{"line":182,"column":23},"end":{"line":182,"column":43}},"58":{"start":{"line":183,"column":8},"end":{"line":187,"column":9}},"59":{"start":{"line":184,"column":12},"end":{"line":184,"column":25}},"60":{"start":{"line":185,"column":15},"end":{"line":187,"column":9}},"61":{"start":{"line":186,"column":12},"end":{"line":186,"column":50}},"62":{"start":{"line":188,"column":8},"end":{"line":188,"column":37}},"63":{"start":{"line":192,"column":8},"end":{"line":197,"column":11}},"64":{"start":{"line":201,"column":8},"end":{"line":217,"column":9}},"65":{"start":{"line":202,"column":12},"end":{"line":202,"column":46}},"66":{"start":{"line":203,"column":15},"end":{"line":217,"column":9}},"67":{"start":{"line":204,"column":12},"end":{"line":207,"column":15}},"68":{"start":{"line":209,"column":12},"end":{"line":216,"column":15}},"69":{"start":{"line":221,"column":8},"end":{"line":223,"column":9}},"70":{"start":{"line":222,"column":12},"end":{"line":222,"column":47}},"71":{"start":{"line":227,"column":20},"end":{"line":227,"column":34}},"72":{"start":{"line":228,"column":8},"end":{"line":228,"column":37}},"73":{"start":{"line":229,"column":8},"end":{"line":241,"column":9}},"74":{"start":{"line":230,"column":12},"end":{"line":230,"column":48}},"75":{"start":{"line":231,"column":12},"end":{"line":237,"column":13}},"76":{"start":{"line":232,"column":16},"end":{"line":232,"column":111}},"77":{"start":{"line":233,"column":19},"end":{"line":237,"column":13}},"78":{"start":{"line":234,"column":16},"end":{"line":234,"column":115}},"79":{"start":{"line":236,"column":16},"end":{"line":236,"column":49}},"80":{"start":{"line":239,"column":12},"end":{"line":239,"column":29}},"81":{"start":{"line":240,"column":12},"end":{"line":240,"column":38}},"82":{"start":{"line":245,"column":8},"end":{"line":274,"column":10}}},"fnMap":{"0":{"name":"searchAppBackend","decl":{"start":{"line":8,"column":9},"end":{"line":8,"column":25}},"loc":{"start":{"line":8,"column":68},"end":{"line":16,"column":1}},"line":8},"1":{"name":"(anonymous_1)","decl":{"start":{"line":9,"column":18},"end":{"line":9,"column":19}},"loc":{"start":{"line":9,"column":40},"end":{"line":15,"column":5}},"line":9},"2":{"name":"searchApiKey","decl":{"start":{"line":18,"column":9},"end":{"line":18,"column":21}},"loc":{"start":{"line":18,"column":65},"end":{"line":21,"column":1}},"line":18},"3":{"name":"(anonymous_3)","decl":{"start":{"line":25,"column":11},"end":{"line":25,"column":12}},"loc":{"start":{"line":25,"column":24},"end":{"line":29,"column":5}},"line":25},"4":{"name":"(anonymous_4)","decl":{"start":{"line":31,"column":16},"end":{"line":31,"column":17}},"loc":{"start":{"line":31,"column":28},"end":{"line":33,"column":5}},"line":31},"5":{"name":"(anonymous_5)","decl":{"start":{"line":35,"column":12},"end":{"line":35,"column":13}},"loc":{"start":{"line":35,"column":24},"end":{"line":51,"column":5}},"line":35},"6":{"name":"(anonymous_6)","decl":{"start":{"line":56,"column":12},"end":{"line":56,"column":13}},"loc":{"start":{"line":56,"column":24},"end":{"line":88,"column":5}},"line":56},"7":{"name":"(anonymous_7)","decl":{"start":{"line":65,"column":39},"end":{"line":65,"column":40}},"loc":{"start":{"line":65,"column":59},"end":{"line":73,"column":9}},"line":65},"8":{"name":"(anonymous_8)","decl":{"start":{"line":77,"column":26},"end":{"line":77,"column":27}},"loc":{"start":{"line":77,"column":46},"end":{"line":85,"column":17}},"line":77},"9":{"name":"(anonymous_9)","decl":{"start":{"line":93,"column":23},"end":{"line":93,"column":24}},"loc":{"start":{"line":93,"column":35},"end":{"line":95,"column":5}},"line":93},"10":{"name":"(anonymous_10)","decl":{"start":{"line":97,"column":26},"end":{"line":97,"column":27}},"loc":{"start":{"line":97,"column":38},"end":{"line":99,"column":5}},"line":97},"11":{"name":"(anonymous_11)","decl":{"start":{"line":101,"column":21},"end":{"line":101,"column":22}},"loc":{"start":{"line":101,"column":33},"end":{"line":109,"column":5}},"line":101},"12":{"name":"(anonymous_12)","decl":{"start":{"line":111,"column":21},"end":{"line":111,"column":22}},"loc":{"start":{"line":111,"column":33},"end":{"line":121,"column":5}},"line":111},"13":{"name":"(anonymous_13)","decl":{"start":{"line":123,"column":15},"end":{"line":123,"column":16}},"loc":{"start":{"line":123,"column":28},"end":{"line":142,"column":5}},"line":123},"14":{"name":"(anonymous_14)","decl":{"start":{"line":144,"column":17},"end":{"line":144,"column":18}},"loc":{"start":{"line":144,"column":42},"end":{"line":157,"column":5}},"line":144},"15":{"name":"(anonymous_15)","decl":{"start":{"line":159,"column":24},"end":{"line":159,"column":25}},"loc":{"start":{"line":159,"column":41},"end":{"line":163,"column":5}},"line":159},"16":{"name":"(anonymous_16)","decl":{"start":{"line":165,"column":19},"end":{"line":165,"column":20}},"loc":{"start":{"line":165,"column":35},"end":{"line":167,"column":5}},"line":165},"17":{"name":"(anonymous_17)","decl":{"start":{"line":169,"column":15},"end":{"line":169,"column":16}},"loc":{"start":{"line":169,"column":27},"end":{"line":171,"column":5}},"line":169},"18":{"name":"(anonymous_18)","decl":{"start":{"line":172,"column":14},"end":{"line":172,"column":15}},"loc":{"start":{"line":172,"column":26},"end":{"line":174,"column":5}},"line":172},"19":{"name":"(anonymous_19)","decl":{"start":{"line":176,"column":19},"end":{"line":176,"column":20}},"loc":{"start":{"line":176,"column":36},"end":{"line":178,"column":5}},"line":176},"20":{"name":"(anonymous_20)","decl":{"start":{"line":180,"column":22},"end":{"line":180,"column":23}},"loc":{"start":{"line":180,"column":39},"end":{"line":189,"column":5}},"line":180},"21":{"name":"(anonymous_21)","decl":{"start":{"line":191,"column":18},"end":{"line":191,"column":19}},"loc":{"start":{"line":191,"column":30},"end":{"line":198,"column":5}},"line":191},"22":{"name":"(anonymous_22)","decl":{"start":{"line":200,"column":16},"end":{"line":200,"column":17}},"loc":{"start":{"line":200,"column":37},"end":{"line":218,"column":5}},"line":200},"23":{"name":"(anonymous_23)","decl":{"start":{"line":220,"column":13},"end":{"line":220,"column":14}},"loc":{"start":{"line":220,"column":25},"end":{"line":224,"column":5}},"line":220},"24":{"name":"(anonymous_24)","decl":{"start":{"line":226,"column":14},"end":{"line":226,"column":15}},"loc":{"start":{"line":226,"column":27},"end":{"line":242,"column":5}},"line":226},"25":{"name":"(anonymous_25)","decl":{"start":{"line":244,"column":12},"end":{"line":244,"column":13}},"loc":{"start":{"line":244,"column":24},"end":{"line":275,"column":5}},"line":244}},"branchMap":{"0":{"loc":{"start":{"line":37,"column":8},"end":{"line":39,"column":9}},"type":"if","locations":[{"start":{"line":37,"column":8},"end":{"line":39,"column":9}},{"start":{"line":37,"column":8},"end":{"line":39,"column":9}}],"line":37},"1":{"loc":{"start":{"line":37,"column":12},"end":{"line":37,"column":60}},"type":"binary-expr","locations":[{"start":{"line":37,"column":12},"end":{"line":37,"column":32}},{"start":{"line":37,"column":36},"end":{"line":37,"column":60}}],"line":37},"2":{"loc":{"start":{"line":40,"column":8},"end":{"line":42,"column":9}},"type":"if","locations":[{"start":{"line":40,"column":8},"end":{"line":42,"column":9}},{"start":{"line":40,"column":8},"end":{"line":42,"column":9}}],"line":40},"3":{"loc":{"start":{"line":57,"column":8},"end":{"line":61,"column":9}},"type":"if","locations":[{"start":{"line":57,"column":8},"end":{"line":61,"column":9}},{"start":{"line":57,"column":8},"end":{"line":61,"column":9}}],"line":57},"4":{"loc":{"start":{"line":62,"column":8},"end":{"line":64,"column":9}},"type":"if","locations":[{"start":{"line":62,"column":8},"end":{"line":64,"column":9}},{"start":{"line":62,"column":8},"end":{"line":64,"column":9}}],"line":62},"5":{"loc":{"start":{"line":62,"column":12},"end":{"line":62,"column":62}},"type":"binary-expr","locations":[{"start":{"line":62,"column":12},"end":{"line":62,"column":35}},{"start":{"line":62,"column":39},"end":{"line":62,"column":62}}],"line":62},"6":{"loc":{"start":{"line":125,"column":8},"end":{"line":141,"column":9}},"type":"if","locations":[{"start":{"line":125,"column":8},"end":{"line":141,"column":9}},{"start":{"line":125,"column":8},"end":{"line":141,"column":9}}],"line":125},"7":{"loc":{"start":{"line":125,"column":12},"end":{"line":125,"column":43}},"type":"binary-expr","locations":[{"start":{"line":125,"column":12},"end":{"line":125,"column":26}},{"start":{"line":125,"column":30},"end":{"line":125,"column":43}}],"line":125},"8":{"loc":{"start":{"line":126,"column":12},"end":{"line":136,"column":13}},"type":"if","locations":[{"start":{"line":126,"column":12},"end":{"line":136,"column":13}},{"start":{"line":126,"column":12},"end":{"line":136,"column":13}}],"line":126},"9":{"loc":{"start":{"line":127,"column":16},"end":{"line":131,"column":17}},"type":"if","locations":[{"start":{"line":127,"column":16},"end":{"line":131,"column":17}},{"start":{"line":127,"column":16},"end":{"line":131,"column":17}}],"line":127},"10":{"loc":{"start":{"line":137,"column":15},"end":{"line":141,"column":9}},"type":"if","locations":[{"start":{"line":137,"column":15},"end":{"line":141,"column":9}},{"start":{"line":137,"column":15},"end":{"line":141,"column":9}}],"line":137},"11":{"loc":{"start":{"line":139,"column":15},"end":{"line":141,"column":9}},"type":"if","locations":[{"start":{"line":139,"column":15},"end":{"line":141,"column":9}},{"start":{"line":139,"column":15},"end":{"line":141,"column":9}}],"line":139},"12":{"loc":{"start":{"line":148,"column":8},"end":{"line":150,"column":9}},"type":"if","locations":[{"start":{"line":148,"column":8},"end":{"line":150,"column":9}},{"start":{"line":148,"column":8},"end":{"line":150,"column":9}}],"line":148},"13":{"loc":{"start":{"line":152,"column":8},"end":{"line":155,"column":9}},"type":"if","locations":[{"start":{"line":152,"column":8},"end":{"line":155,"column":9}},{"start":{"line":152,"column":8},"end":{"line":155,"column":9}}],"line":152},"14":{"loc":{"start":{"line":160,"column":8},"end":{"line":162,"column":9}},"type":"if","locations":[{"start":{"line":160,"column":8},"end":{"line":162,"column":9}},{"start":{"line":160,"column":8},"end":{"line":162,"column":9}}],"line":160},"15":{"loc":{"start":{"line":160,"column":12},"end":{"line":160,"column":70}},"type":"binary-expr","locations":[{"start":{"line":160,"column":12},"end":{"line":160,"column":27}},{"start":{"line":160,"column":31},"end":{"line":160,"column":70}}],"line":160},"16":{"loc":{"start":{"line":181,"column":27},"end":{"line":181,"column":86}},"type":"cond-expr","locations":[{"start":{"line":181,"column":60},"end":{"line":181,"column":81}},{"start":{"line":181,"column":84},"end":{"line":181,"column":86}}],"line":181},"17":{"loc":{"start":{"line":183,"column":8},"end":{"line":187,"column":9}},"type":"if","locations":[{"start":{"line":183,"column":8},"end":{"line":187,"column":9}},{"start":{"line":183,"column":8},"end":{"line":187,"column":9}}],"line":183},"18":{"loc":{"start":{"line":185,"column":15},"end":{"line":187,"column":9}},"type":"if","locations":[{"start":{"line":185,"column":15},"end":{"line":187,"column":9}},{"start":{"line":185,"column":15},"end":{"line":187,"column":9}}],"line":185},"19":{"loc":{"start":{"line":201,"column":8},"end":{"line":217,"column":9}},"type":"if","locations":[{"start":{"line":201,"column":8},"end":{"line":217,"column":9}},{"start":{"line":201,"column":8},"end":{"line":217,"column":9}}],"line":201},"20":{"loc":{"start":{"line":203,"column":15},"end":{"line":217,"column":9}},"type":"if","locations":[{"start":{"line":203,"column":15},"end":{"line":217,"column":9}},{"start":{"line":203,"column":15},"end":{"line":217,"column":9}}],"line":203},"21":{"loc":{"start":{"line":221,"column":8},"end":{"line":223,"column":9}},"type":"if","locations":[{"start":{"line":221,"column":8},"end":{"line":223,"column":9}},{"start":{"line":221,"column":8},"end":{"line":223,"column":9}}],"line":221},"22":{"loc":{"start":{"line":221,"column":12},"end":{"line":221,"column":74}},"type":"binary-expr","locations":[{"start":{"line":221,"column":12},"end":{"line":221,"column":34}},{"start":{"line":221,"column":38},"end":{"line":221,"column":53}},{"start":{"line":221,"column":57},"end":{"line":221,"column":74}}],"line":221},"23":{"loc":{"start":{"line":229,"column":8},"end":{"line":241,"column":9}},"type":"if","locations":[{"start":{"line":229,"column":8},"end":{"line":241,"column":9}},{"start":{"line":229,"column":8},"end":{"line":241,"column":9}}],"line":229},"24":{"loc":{"start":{"line":231,"column":12},"end":{"line":237,"column":13}},"type":"if","locations":[{"start":{"line":231,"column":12},"end":{"line":237,"column":13}},{"start":{"line":231,"column":12},"end":{"line":237,"column":13}}],"line":231},"25":{"loc":{"start":{"line":233,"column":19},"end":{"line":237,"column":13}},"type":"if","locations":[{"start":{"line":233,"column":19},"end":{"line":237,"column":13}},{"start":{"line":233,"column":19},"end":{"line":237,"column":13}}],"line":233},"26":{"loc":{"start":{"line":258,"column":25},"end":{"line":260,"column":34}},"type":"cond-expr","locations":[{"start":{"line":259,"column":30},"end":{"line":259,"column":69}},{"start":{"line":260,"column":30},"end":{"line":260,"column":34}}],"line":258}},"s":{"0":0,"1":0,"2":0,"3":1,"4":1,"5":1,"6":0,"7":0,"8":0,"9":0,"10":3,"11":3,"12":0,"13":3,"14":0,"15":3,"16":1,"17":2,"18":0,"19":2,"20":1,"21":1,"22":3,"23":1,"24":3,"25":1,"26":4,"27":0,"28":1,"29":4,"30":0,"31":0,"32":0,"33":0,"34":0,"35":0,"36":0,"37":0,"38":0,"39":0,"40":0,"41":0,"42":0,"43":0,"44":0,"45":0,"46":0,"47":0,"48":0,"49":0,"50":0,"51":0,"52":1,"53":0,"54":0,"55":0,"56":0,"57":0,"58":0,"59":0,"60":0,"61":0,"62":0,"63":0,"64":1,"65":0,"66":1,"67":0,"68":1,"69":0,"70":0,"71":1,"72":1,"73":1,"74":1,"75":1,"76":1,"77":0,"78":0,"79":0,"80":0,"81":0,"82":5},"f":{"0":0,"1":0,"2":1,"3":0,"4":0,"5":3,"6":2,"7":3,"8":3,"9":4,"10":0,"11":1,"12":4,"13":0,"14":0,"15":0,"16":1,"17":0,"18":0,"19":0,"20":0,"21":0,"22":1,"23":0,"24":1,"25":5},"b":{"0":[0,3],"1":[3,0],"2":[0,3],"3":[0,2],"4":[1,1],"5":[2,1],"6":[0,0],"7":[0,0],"8":[0,0],"9":[0,0],"10":[0,0],"11":[0,0],"12":[0,0],"13":[0,0],"14":[0,0],"15":[0,0],"16":[0,0],"17":[0,0],"18":[0,0],"19":[0,1],"20":[0,1],"21":[0,0],"22":[0,0,0],"23":[1,0],"24":[1,0],"25":[0,0],"26":[1,4]},"_coverageSchema":"332fd63041d2c1bcb487cc26dd0d5f7d97098a6c","hash":"42bb151bb618a7cbbfa51de28ccfa983845b589b"}
,"/mnt/d/code/libraries/L.Control.NorkartSearch/src/SearchIcon.js": {"path":"/mnt/d/code/libraries/L.Control.NorkartSearch/src/SearchIcon.js","statementMap":{"0":{"start":{"line":4,"column":17},"end":{"line":20,"column":2}},"1":{"start":{"line":6,"column":8},"end":{"line":18,"column":10}}},"fnMap":{"0":{"name":"(anonymous_0)","decl":{"start":{"line":5,"column":12},"end":{"line":5,"column":13}},"loc":{"start":{"line":5,"column":24},"end":{"line":19,"column":5}},"line":5}},"branchMap":{},"s":{"0":1,"1":2},"f":{"0":2},"b":{},"_coverageSchema":"332fd63041d2c1bcb487cc26dd0d5f7d97098a6c","hash":"5dc21089d6e3c31051a5fa5ff0c9d99512e3d9e4"}
,"/mnt/d/code/libraries/L.Control.NorkartSearch/tools/setupTests.js": {"path":"/mnt/d/code/libraries/L.Control.NorkartSearch/tools/setupTests.js","statementMap":{"0":{"start":{"line":4,"column":0},"end":{"line":4,"column":36}}},"fnMap":{},"branchMap":{},"s":{"0":1},"f":{},"b":{},"_coverageSchema":"332fd63041d2c1bcb487cc26dd0d5f7d97098a6c","hash":"9c84f404bb6a2afb4063d31ead51ddfd4412dd20"}
}
