{"/mnt/d/code/libraries/L.Control.NorkartSearch/src/CloseBtn.js": {"path":"/mnt/d/code/libraries/L.Control.NorkartSearch/src/CloseBtn.js","statementMap":{"0":{"start":{"line":4,"column":4},"end":{"line":17,"column":6}}},"fnMap":{"0":{"name":"CloseBtn","decl":{"start":{"line":3,"column":24},"end":{"line":3,"column":32}},"loc":{"start":{"line":3,"column":40},"end":{"line":18,"column":1}},"line":3}},"branchMap":{},"s":{"0":26},"f":{"0":26},"b":{},"_coverageSchema":"332fd63041d2c1bcb487cc26dd0d5f7d97098a6c","hash":"51d2f53f2554fb71b20c152bbfc6330597bef27e"}
,"/mnt/d/code/libraries/L.Control.NorkartSearch/src/HitElement.js": {"path":"/mnt/d/code/libraries/L.Control.NorkartSearch/src/HitElement.js","statementMap":{"0":{"start":{"line":4,"column":17},"end":{"line":33,"column":2}},"1":{"start":{"line":7,"column":8},"end":{"line":7,"column":27}},"2":{"start":{"line":8,"column":8},"end":{"line":8,"column":28}},"3":{"start":{"line":9,"column":8},"end":{"line":9,"column":53}},"4":{"start":{"line":13,"column":8},"end":{"line":13,"column":49}},"5":{"start":{"line":17,"column":24},"end":{"line":17,"column":41}},"6":{"start":{"line":18,"column":8},"end":{"line":20,"column":9}},"7":{"start":{"line":19,"column":12},"end":{"line":19,"column":34}},"8":{"start":{"line":21,"column":8},"end":{"line":23,"column":9}},"9":{"start":{"line":22,"column":12},"end":{"line":22,"column":35}},"10":{"start":{"line":24,"column":8},"end":{"line":31,"column":10}}},"fnMap":{"0":{"name":"(anonymous_0)","decl":{"start":{"line":6,"column":11},"end":{"line":6,"column":12}},"loc":{"start":{"line":6,"column":24},"end":{"line":10,"column":5}},"line":6},"1":{"name":"(anonymous_1)","decl":{"start":{"line":12,"column":16},"end":{"line":12,"column":17}},"loc":{"start":{"line":12,"column":28},"end":{"line":14,"column":5}},"line":12},"2":{"name":"(anonymous_2)","decl":{"start":{"line":16,"column":12},"end":{"line":16,"column":13}},"loc":{"start":{"line":16,"column":24},"end":{"line":32,"column":5}},"line":16}},"branchMap":{"0":{"loc":{"start":{"line":18,"column":8},"end":{"line":20,"column":9}},"type":"if","locations":[{"start":{"line":18,"column":8},"end":{"line":20,"column":9}},{"start":{"line":18,"column":8},"end":{"line":20,"column":9}}],"line":18},"1":{"loc":{"start":{"line":18,"column":12},"end":{"line":18,"column":60}},"type":"binary-expr","locations":[{"start":{"line":18,"column":12},"end":{"line":18,"column":32}},{"start":{"line":18,"column":36},"end":{"line":18,"column":60}}],"line":18},"2":{"loc":{"start":{"line":21,"column":8},"end":{"line":23,"column":9}},"type":"if","locations":[{"start":{"line":21,"column":8},"end":{"line":23,"column":9}},{"start":{"line":21,"column":8},"end":{"line":23,"column":9}}],"line":21}},"s":{"0":1,"1":4,"2":4,"3":4,"4":0,"5":63,"6":63,"7":9,"8":63,"9":2,"10":63},"f":{"0":4,"1":0,"2":63},"b":{"0":[9,54],"1":[63,9],"2":[2,61]},"_coverageSchema":"332fd63041d2c1bcb487cc26dd0d5f7d97098a6c","hash":"de27fdafd9d484a3dba3312c47980584af7165a5"}
,"/mnt/d/code/libraries/L.Control.NorkartSearch/src/HitList.js": {"path":"/mnt/d/code/libraries/L.Control.NorkartSearch/src/HitList.js","statementMap":{"0":{"start":{"line":6,"column":14},"end":{"line":41,"column":2}},"1":{"start":{"line":9,"column":8},"end":{"line":13,"column":9}},"2":{"start":{"line":10,"column":12},"end":{"line":12,"column":14}},"3":{"start":{"line":14,"column":8},"end":{"line":16,"column":9}},"4":{"start":{"line":15,"column":12},"end":{"line":15,"column":24}},"5":{"start":{"line":17,"column":19},"end":{"line":25,"column":21}},"6":{"start":{"line":18,"column":12},"end":{"line":24,"column":14}},"7":{"start":{"line":27,"column":8},"end":{"line":39,"column":10}},"8":{"start":{"line":30,"column":20},"end":{"line":36,"column":22}}},"fnMap":{"0":{"name":"(anonymous_0)","decl":{"start":{"line":8,"column":12},"end":{"line":8,"column":13}},"loc":{"start":{"line":8,"column":24},"end":{"line":40,"column":5}},"line":8},"1":{"name":"(anonymous_1)","decl":{"start":{"line":17,"column":39},"end":{"line":17,"column":40}},"loc":{"start":{"line":17,"column":59},"end":{"line":25,"column":9}},"line":17},"2":{"name":"(anonymous_2)","decl":{"start":{"line":29,"column":26},"end":{"line":29,"column":27}},"loc":{"start":{"line":29,"column":46},"end":{"line":37,"column":17}},"line":29}},"branchMap":{"0":{"loc":{"start":{"line":9,"column":8},"end":{"line":13,"column":9}},"type":"if","locations":[{"start":{"line":9,"column":8},"end":{"line":13,"column":9}},{"start":{"line":9,"column":8},"end":{"line":13,"column":9}}],"line":9},"1":{"loc":{"start":{"line":14,"column":8},"end":{"line":16,"column":9}},"type":"if","locations":[{"start":{"line":14,"column":8},"end":{"line":16,"column":9}},{"start":{"line":14,"column":8},"end":{"line":16,"column":9}}],"line":14},"2":{"loc":{"start":{"line":14,"column":12},"end":{"line":14,"column":62}},"type":"binary-expr","locations":[{"start":{"line":14,"column":12},"end":{"line":14,"column":35}},{"start":{"line":14,"column":39},"end":{"line":14,"column":62}}],"line":14}},"s":{"0":1,"1":44,"2":2,"3":42,"4":21,"5":21,"6":63,"7":21,"8":63},"f":{"0":44,"1":63,"2":63},"b":{"0":[2,42],"1":[21,21],"2":[42,26]},"_coverageSchema":"332fd63041d2c1bcb487cc26dd0d5f7d97098a6c","hash":"4a27af7612ecf0fd4f46a661b27711d9d3b12b43"}
,"/mnt/d/code/libraries/L.Control.NorkartSearch/src/SearchBox.js": {"path":"/mnt/d/code/libraries/L.Control.NorkartSearch/src/SearchBox.js","statementMap":{"0":{"start":{"line":9,"column":4},"end":{"line":15,"column":7}},"1":{"start":{"line":10,"column":16},"end":{"line":13,"column":9}},"2":{"start":{"line":14,"column":8},"end":{"line":14,"column":54}},"3":{"start":{"line":19,"column":12},"end":{"line":19,"column":36}},"4":{"start":{"line":20,"column":4},"end":{"line":20,"column":50}},"5":{"start":{"line":27,"column":16},"end":{"line":212,"column":2}},"6":{"start":{"line":30,"column":8},"end":{"line":30,"column":72}},"7":{"start":{"line":34,"column":8},"end":{"line":34,"column":75}},"8":{"start":{"line":38,"column":8},"end":{"line":44,"column":10}},"9":{"start":{"line":48,"column":8},"end":{"line":56,"column":10}},"10":{"start":{"line":61,"column":8},"end":{"line":77,"column":9}},"11":{"start":{"line":62,"column":12},"end":{"line":72,"column":13}},"12":{"start":{"line":63,"column":16},"end":{"line":67,"column":17}},"13":{"start":{"line":64,"column":20},"end":{"line":64,"column":40}},"14":{"start":{"line":66,"column":20},"end":{"line":66,"column":59}},"15":{"start":{"line":69,"column":16},"end":{"line":69,"column":52}},"16":{"start":{"line":70,"column":36},"end":{"line":70,"column":57}},"17":{"start":{"line":71,"column":16},"end":{"line":71,"column":48}},"18":{"start":{"line":73,"column":15},"end":{"line":77,"column":9}},"19":{"start":{"line":74,"column":12},"end":{"line":74,"column":37}},"20":{"start":{"line":75,"column":15},"end":{"line":77,"column":9}},"21":{"start":{"line":76,"column":12},"end":{"line":76,"column":38}},"22":{"start":{"line":82,"column":8},"end":{"line":82,"column":54}},"23":{"start":{"line":83,"column":18},"end":{"line":83,"column":48}},"24":{"start":{"line":84,"column":8},"end":{"line":86,"column":9}},"25":{"start":{"line":85,"column":12},"end":{"line":85,"column":40}},"26":{"start":{"line":87,"column":20},"end":{"line":87,"column":36}},"27":{"start":{"line":88,"column":8},"end":{"line":91,"column":9}},"28":{"start":{"line":90,"column":12},"end":{"line":90,"column":38}},"29":{"start":{"line":92,"column":8},"end":{"line":92,"column":29}},"30":{"start":{"line":96,"column":8},"end":{"line":98,"column":9}},"31":{"start":{"line":97,"column":12},"end":{"line":97,"column":29}},"32":{"start":{"line":102,"column":8},"end":{"line":102,"column":31}},"33":{"start":{"line":106,"column":8},"end":{"line":106,"column":44}},"34":{"start":{"line":109,"column":8},"end":{"line":109,"column":43}},"35":{"start":{"line":113,"column":8},"end":{"line":113,"column":43}},"36":{"start":{"line":117,"column":27},"end":{"line":117,"column":86}},"37":{"start":{"line":118,"column":23},"end":{"line":118,"column":43}},"38":{"start":{"line":119,"column":8},"end":{"line":123,"column":9}},"39":{"start":{"line":120,"column":12},"end":{"line":120,"column":25}},"40":{"start":{"line":121,"column":15},"end":{"line":123,"column":9}},"41":{"start":{"line":122,"column":12},"end":{"line":122,"column":50}},"42":{"start":{"line":124,"column":8},"end":{"line":124,"column":37}},"43":{"start":{"line":128,"column":8},"end":{"line":133,"column":11}},"44":{"start":{"line":137,"column":8},"end":{"line":153,"column":9}},"45":{"start":{"line":138,"column":12},"end":{"line":138,"column":46}},"46":{"start":{"line":139,"column":15},"end":{"line":153,"column":9}},"47":{"start":{"line":140,"column":12},"end":{"line":143,"column":15}},"48":{"start":{"line":145,"column":12},"end":{"line":152,"column":15}},"49":{"start":{"line":157,"column":8},"end":{"line":159,"column":9}},"50":{"start":{"line":158,"column":12},"end":{"line":158,"column":47}},"51":{"start":{"line":163,"column":20},"end":{"line":163,"column":34}},"52":{"start":{"line":164,"column":8},"end":{"line":164,"column":37}},"53":{"start":{"line":165,"column":8},"end":{"line":177,"column":9}},"54":{"start":{"line":166,"column":12},"end":{"line":166,"column":48}},"55":{"start":{"line":167,"column":12},"end":{"line":173,"column":13}},"56":{"start":{"line":168,"column":16},"end":{"line":168,"column":111}},"57":{"start":{"line":169,"column":19},"end":{"line":173,"column":13}},"58":{"start":{"line":170,"column":16},"end":{"line":170,"column":115}},"59":{"start":{"line":172,"column":16},"end":{"line":172,"column":64}},"60":{"start":{"line":175,"column":12},"end":{"line":175,"column":29}},"61":{"start":{"line":176,"column":12},"end":{"line":176,"column":38}},"62":{"start":{"line":181,"column":8},"end":{"line":210,"column":10}}},"fnMap":{"0":{"name":"searchAppBackend","decl":{"start":{"line":8,"column":9},"end":{"line":8,"column":25}},"loc":{"start":{"line":8,"column":68},"end":{"line":16,"column":1}},"line":8},"1":{"name":"(anonymous_1)","decl":{"start":{"line":9,"column":18},"end":{"line":9,"column":19}},"loc":{"start":{"line":9,"column":40},"end":{"line":15,"column":5}},"line":9},"2":{"name":"searchApiKey","decl":{"start":{"line":18,"column":9},"end":{"line":18,"column":21}},"loc":{"start":{"line":18,"column":65},"end":{"line":21,"column":1}},"line":18},"3":{"name":"(anonymous_3)","decl":{"start":{"line":29,"column":23},"end":{"line":29,"column":24}},"loc":{"start":{"line":29,"column":35},"end":{"line":31,"column":5}},"line":29},"4":{"name":"(anonymous_4)","decl":{"start":{"line":33,"column":26},"end":{"line":33,"column":27}},"loc":{"start":{"line":33,"column":38},"end":{"line":35,"column":5}},"line":33},"5":{"name":"(anonymous_5)","decl":{"start":{"line":37,"column":21},"end":{"line":37,"column":22}},"loc":{"start":{"line":37,"column":33},"end":{"line":45,"column":5}},"line":37},"6":{"name":"(anonymous_6)","decl":{"start":{"line":47,"column":21},"end":{"line":47,"column":22}},"loc":{"start":{"line":47,"column":33},"end":{"line":57,"column":5}},"line":47},"7":{"name":"(anonymous_7)","decl":{"start":{"line":59,"column":15},"end":{"line":59,"column":16}},"loc":{"start":{"line":59,"column":28},"end":{"line":78,"column":5}},"line":59},"8":{"name":"(anonymous_8)","decl":{"start":{"line":80,"column":17},"end":{"line":80,"column":18}},"loc":{"start":{"line":80,"column":42},"end":{"line":93,"column":5}},"line":80},"9":{"name":"(anonymous_9)","decl":{"start":{"line":95,"column":24},"end":{"line":95,"column":25}},"loc":{"start":{"line":95,"column":41},"end":{"line":99,"column":5}},"line":95},"10":{"name":"(anonymous_10)","decl":{"start":{"line":101,"column":19},"end":{"line":101,"column":20}},"loc":{"start":{"line":101,"column":35},"end":{"line":103,"column":5}},"line":101},"11":{"name":"(anonymous_11)","decl":{"start":{"line":105,"column":15},"end":{"line":105,"column":16}},"loc":{"start":{"line":105,"column":27},"end":{"line":107,"column":5}},"line":105},"12":{"name":"(anonymous_12)","decl":{"start":{"line":108,"column":14},"end":{"line":108,"column":15}},"loc":{"start":{"line":108,"column":26},"end":{"line":110,"column":5}},"line":108},"13":{"name":"(anonymous_13)","decl":{"start":{"line":112,"column":19},"end":{"line":112,"column":20}},"loc":{"start":{"line":112,"column":36},"end":{"line":114,"column":5}},"line":112},"14":{"name":"(anonymous_14)","decl":{"start":{"line":116,"column":22},"end":{"line":116,"column":23}},"loc":{"start":{"line":116,"column":39},"end":{"line":125,"column":5}},"line":116},"15":{"name":"(anonymous_15)","decl":{"start":{"line":127,"column":18},"end":{"line":127,"column":19}},"loc":{"start":{"line":127,"column":30},"end":{"line":134,"column":5}},"line":127},"16":{"name":"(anonymous_16)","decl":{"start":{"line":136,"column":16},"end":{"line":136,"column":17}},"loc":{"start":{"line":136,"column":37},"end":{"line":154,"column":5}},"line":136},"17":{"name":"(anonymous_17)","decl":{"start":{"line":156,"column":13},"end":{"line":156,"column":14}},"loc":{"start":{"line":156,"column":25},"end":{"line":160,"column":5}},"line":156},"18":{"name":"(anonymous_18)","decl":{"start":{"line":162,"column":14},"end":{"line":162,"column":15}},"loc":{"start":{"line":162,"column":27},"end":{"line":178,"column":5}},"line":162},"19":{"name":"(anonymous_19)","decl":{"start":{"line":180,"column":12},"end":{"line":180,"column":13}},"loc":{"start":{"line":180,"column":24},"end":{"line":211,"column":5}},"line":180}},"branchMap":{"0":{"loc":{"start":{"line":61,"column":8},"end":{"line":77,"column":9}},"type":"if","locations":[{"start":{"line":61,"column":8},"end":{"line":77,"column":9}},{"start":{"line":61,"column":8},"end":{"line":77,"column":9}}],"line":61},"1":{"loc":{"start":{"line":61,"column":12},"end":{"line":61,"column":43}},"type":"binary-expr","locations":[{"start":{"line":61,"column":12},"end":{"line":61,"column":26}},{"start":{"line":61,"column":30},"end":{"line":61,"column":43}}],"line":61},"2":{"loc":{"start":{"line":62,"column":12},"end":{"line":72,"column":13}},"type":"if","locations":[{"start":{"line":62,"column":12},"end":{"line":72,"column":13}},{"start":{"line":62,"column":12},"end":{"line":72,"column":13}}],"line":62},"3":{"loc":{"start":{"line":63,"column":16},"end":{"line":67,"column":17}},"type":"if","locations":[{"start":{"line":63,"column":16},"end":{"line":67,"column":17}},{"start":{"line":63,"column":16},"end":{"line":67,"column":17}}],"line":63},"4":{"loc":{"start":{"line":73,"column":15},"end":{"line":77,"column":9}},"type":"if","locations":[{"start":{"line":73,"column":15},"end":{"line":77,"column":9}},{"start":{"line":73,"column":15},"end":{"line":77,"column":9}}],"line":73},"5":{"loc":{"start":{"line":75,"column":15},"end":{"line":77,"column":9}},"type":"if","locations":[{"start":{"line":75,"column":15},"end":{"line":77,"column":9}},{"start":{"line":75,"column":15},"end":{"line":77,"column":9}}],"line":75},"6":{"loc":{"start":{"line":84,"column":8},"end":{"line":86,"column":9}},"type":"if","locations":[{"start":{"line":84,"column":8},"end":{"line":86,"column":9}},{"start":{"line":84,"column":8},"end":{"line":86,"column":9}}],"line":84},"7":{"loc":{"start":{"line":88,"column":8},"end":{"line":91,"column":9}},"type":"if","locations":[{"start":{"line":88,"column":8},"end":{"line":91,"column":9}},{"start":{"line":88,"column":8},"end":{"line":91,"column":9}}],"line":88},"8":{"loc":{"start":{"line":96,"column":8},"end":{"line":98,"column":9}},"type":"if","locations":[{"start":{"line":96,"column":8},"end":{"line":98,"column":9}},{"start":{"line":96,"column":8},"end":{"line":98,"column":9}}],"line":96},"9":{"loc":{"start":{"line":96,"column":12},"end":{"line":96,"column":70}},"type":"binary-expr","locations":[{"start":{"line":96,"column":12},"end":{"line":96,"column":27}},{"start":{"line":96,"column":31},"end":{"line":96,"column":70}}],"line":96},"10":{"loc":{"start":{"line":117,"column":27},"end":{"line":117,"column":86}},"type":"cond-expr","locations":[{"start":{"line":117,"column":60},"end":{"line":117,"column":81}},{"start":{"line":117,"column":84},"end":{"line":117,"column":86}}],"line":117},"11":{"loc":{"start":{"line":119,"column":8},"end":{"line":123,"column":9}},"type":"if","locations":[{"start":{"line":119,"column":8},"end":{"line":123,"column":9}},{"start":{"line":119,"column":8},"end":{"line":123,"column":9}}],"line":119},"12":{"loc":{"start":{"line":121,"column":15},"end":{"line":123,"column":9}},"type":"if","locations":[{"start":{"line":121,"column":15},"end":{"line":123,"column":9}},{"start":{"line":121,"column":15},"end":{"line":123,"column":9}}],"line":121},"13":{"loc":{"start":{"line":137,"column":8},"end":{"line":153,"column":9}},"type":"if","locations":[{"start":{"line":137,"column":8},"end":{"line":153,"column":9}},{"start":{"line":137,"column":8},"end":{"line":153,"column":9}}],"line":137},"14":{"loc":{"start":{"line":139,"column":15},"end":{"line":153,"column":9}},"type":"if","locations":[{"start":{"line":139,"column":15},"end":{"line":153,"column":9}},{"start":{"line":139,"column":15},"end":{"line":153,"column":9}}],"line":139},"15":{"loc":{"start":{"line":157,"column":8},"end":{"line":159,"column":9}},"type":"if","locations":[{"start":{"line":157,"column":8},"end":{"line":159,"column":9}},{"start":{"line":157,"column":8},"end":{"line":159,"column":9}}],"line":157},"16":{"loc":{"start":{"line":157,"column":12},"end":{"line":157,"column":74}},"type":"binary-expr","locations":[{"start":{"line":157,"column":12},"end":{"line":157,"column":34}},{"start":{"line":157,"column":38},"end":{"line":157,"column":53}},{"start":{"line":157,"column":57},"end":{"line":157,"column":74}}],"line":157},"17":{"loc":{"start":{"line":165,"column":8},"end":{"line":177,"column":9}},"type":"if","locations":[{"start":{"line":165,"column":8},"end":{"line":177,"column":9}},{"start":{"line":165,"column":8},"end":{"line":177,"column":9}}],"line":165},"18":{"loc":{"start":{"line":167,"column":12},"end":{"line":173,"column":13}},"type":"if","locations":[{"start":{"line":167,"column":12},"end":{"line":173,"column":13}},{"start":{"line":167,"column":12},"end":{"line":173,"column":13}}],"line":167},"19":{"loc":{"start":{"line":169,"column":19},"end":{"line":173,"column":13}},"type":"if","locations":[{"start":{"line":169,"column":19},"end":{"line":173,"column":13}},{"start":{"line":169,"column":19},"end":{"line":173,"column":13}}],"line":169},"20":{"loc":{"start":{"line":194,"column":25},"end":{"line":196,"column":34}},"type":"cond-expr","locations":[{"start":{"line":195,"column":30},"end":{"line":195,"column":69}},{"start":{"line":196,"column":30},"end":{"line":196,"column":34}}],"line":194}},"s":{"0":0,"1":0,"2":0,"3":12,"4":12,"5":1,"6":16,"7":0,"8":1,"9":16,"10":11,"11":2,"12":0,"13":0,"14":0,"15":2,"16":2,"17":2,"18":9,"19":7,"20":2,"21":2,"22":6,"23":6,"24":6,"25":3,"26":6,"27":6,"28":5,"29":6,"30":0,"31":0,"32":13,"33":1,"34":0,"35":9,"36":9,"37":9,"38":9,"39":1,"40":8,"41":1,"42":9,"43":1,"44":12,"45":0,"46":12,"47":2,"48":10,"49":2,"50":2,"51":14,"52":14,"53":14,"54":13,"55":13,"56":12,"57":1,"58":0,"59":1,"60":1,"61":1,"62":47},"f":{"0":0,"1":0,"2":12,"3":16,"4":0,"5":1,"6":16,"7":11,"8":6,"9":0,"10":13,"11":1,"12":0,"13":9,"14":9,"15":1,"16":12,"17":2,"18":14,"19":47},"b":{"0":[2,9],"1":[11,10],"2":[0,2],"3":[0,0],"4":[7,2],"5":[2,0],"6":[3,3],"7":[5,1],"8":[0,0],"9":[0,0],"10":[6,3],"11":[1,8],"12":[1,7],"13":[0,12],"14":[2,10],"15":[2,0],"16":[2,2,2],"17":[13,1],"18":[12,1],"19":[0,1],"20":[26,21]},"_coverageSchema":"332fd63041d2c1bcb487cc26dd0d5f7d97098a6c","hash":"478dfa0f82761e33025d8ce1e8451d9c412ad5b4"}
,"/mnt/d/code/libraries/L.Control.NorkartSearch/src/SearchIcon.js": {"path":"/mnt/d/code/libraries/L.Control.NorkartSearch/src/SearchIcon.js","statementMap":{"0":{"start":{"line":4,"column":17},"end":{"line":20,"column":2}},"1":{"start":{"line":6,"column":8},"end":{"line":18,"column":10}}},"fnMap":{"0":{"name":"(anonymous_0)","decl":{"start":{"line":5,"column":12},"end":{"line":5,"column":13}},"loc":{"start":{"line":5,"column":24},"end":{"line":19,"column":5}},"line":5}},"branchMap":{},"s":{"0":1,"1":44},"f":{"0":44},"b":{},"_coverageSchema":"332fd63041d2c1bcb487cc26dd0d5f7d97098a6c","hash":"5dc21089d6e3c31051a5fa5ff0c9d99512e3d9e4"}
,"/mnt/d/code/libraries/L.Control.NorkartSearch/tools/setupTests.js": {"path":"/mnt/d/code/libraries/L.Control.NorkartSearch/tools/setupTests.js","statementMap":{"0":{"start":{"line":4,"column":0},"end":{"line":4,"column":36}}},"fnMap":{},"branchMap":{},"s":{"0":1},"f":{},"b":{},"_coverageSchema":"332fd63041d2c1bcb487cc26dd0d5f7d97098a6c","hash":"9c84f404bb6a2afb4063d31ead51ddfd4412dd20"}
}
