TN:
SF:/mnt/d/code/libraries/L.Control.NorkartSearch/src/CloseBtn.js
FN:3,CloseBtn
FNF:1
FNH:1
FNDA:1,CloseBtn
DA:4,1
LF:1
LH:1
BRF:0
BRH:0
end_of_record
TN:
SF:/mnt/d/code/libraries/L.Control.NorkartSearch/src/SearchBox.js
FN:8,searchAppBackend
FN:9,(anonymous_1)
FN:18,searchApiKey
FN:25,(anonymous_3)
FN:31,(anonymous_4)
FN:35,(anonymous_5)
FN:56,(anonymous_6)
FN:65,(anonymous_7)
FN:77,(anonymous_8)
FN:93,(anonymous_9)
FN:97,(anonymous_10)
FN:101,(anonymous_11)
FN:111,(anonymous_12)
FN:123,(anonymous_13)
FN:144,(anonymous_14)
FN:159,(anonymous_15)
FN:165,(anonymous_16)
FN:169,(anonymous_17)
FN:172,(anonymous_18)
FN:176,(anonymous_19)
FN:180,(anonymous_20)
FN:191,(anonymous_21)
FN:200,(anonymous_22)
FN:220,(anonymous_23)
FN:226,(anonymous_24)
FN:244,(anonymous_25)
FNF:26
FNH:12
FNDA:0,searchAppBackend
FNDA:0,(anonymous_1)
FNDA:1,searchApiKey
FNDA:0,(anonymous_3)
FNDA:0,(anonymous_4)
FNDA:3,(anonymous_5)
FNDA:2,(anonymous_6)
FNDA:3,(anonymous_7)
FNDA:3,(anonymous_8)
FNDA:4,(anonymous_9)
FNDA:0,(anonymous_10)
FNDA:1,(anonymous_11)
FNDA:4,(anonymous_12)
FNDA:0,(anonymous_13)
FNDA:0,(anonymous_14)
FNDA:0,(anonymous_15)
FNDA:1,(anonymous_16)
FNDA:0,(anonymous_17)
FNDA:0,(anonymous_18)
FNDA:0,(anonymous_19)
FNDA:0,(anonymous_20)
FNDA:0,(anonymous_21)
FNDA:1,(anonymous_22)
FNDA:0,(anonymous_23)
FNDA:1,(anonymous_24)
FNDA:5,(anonymous_25)
DA:9,0
DA:10,0
DA:14,0
DA:19,1
DA:20,1
DA:23,1
DA:26,0
DA:27,0
DA:28,0
DA:32,0
DA:36,3
DA:37,3
DA:38,0
DA:40,3
DA:41,0
DA:43,3
DA:54,1
DA:57,2
DA:58,0
DA:62,2
DA:63,1
DA:65,1
DA:66,3
DA:75,1
DA:78,3
DA:91,1
DA:94,4
DA:98,0
DA:102,1
DA:112,4
DA:125,0
DA:126,0
DA:127,0
DA:128,0
DA:130,0
DA:133,0
DA:134,0
DA:135,0
DA:137,0
DA:138,0
DA:139,0
DA:140,0
DA:146,0
DA:147,0
DA:148,0
DA:149,0
DA:151,0
DA:152,0
DA:154,0
DA:156,0
DA:160,0
DA:161,0
DA:166,1
DA:170,0
DA:173,0
DA:177,0
DA:181,0
DA:182,0
DA:183,0
DA:184,0
DA:185,0
DA:186,0
DA:188,0
DA:192,0
DA:201,1
DA:202,0
DA:203,1
DA:204,0
DA:209,1
DA:221,0
DA:222,0
DA:227,1
DA:228,1
DA:229,1
DA:230,1
DA:231,1
DA:232,1
DA:233,0
DA:234,0
DA:236,0
DA:239,0
DA:240,0
DA:245,5
LF:83
LH:30
BRDA:37,0,0,0
BRDA:37,0,1,3
BRDA:37,1,0,3
BRDA:37,1,1,0
BRDA:40,2,0,0
BRDA:40,2,1,3
BRDA:57,3,0,0
BRDA:57,3,1,2
BRDA:62,4,0,1
BRDA:62,4,1,1
BRDA:62,5,0,2
BRDA:62,5,1,1
BRDA:125,6,0,0
BRDA:125,6,1,0
BRDA:125,7,0,0
BRDA:125,7,1,0
BRDA:126,8,0,0
BRDA:126,8,1,0
BRDA:127,9,0,0
BRDA:127,9,1,0
BRDA:137,10,0,0
BRDA:137,10,1,0
BRDA:139,11,0,0
BRDA:139,11,1,0
BRDA:148,12,0,0
BRDA:148,12,1,0
BRDA:152,13,0,0
BRDA:152,13,1,0
BRDA:160,14,0,0
BRDA:160,14,1,0
BRDA:160,15,0,0
BRDA:160,15,1,0
BRDA:181,16,0,0
BRDA:181,16,1,0
BRDA:183,17,0,0
BRDA:183,17,1,0
BRDA:185,18,0,0
BRDA:185,18,1,0
BRDA:201,19,0,0
BRDA:201,19,1,1
BRDA:203,20,0,0
BRDA:203,20,1,1
BRDA:221,21,0,0
BRDA:221,21,1,0
BRDA:221,22,0,0
BRDA:221,22,1,0
BRDA:221,22,2,0
BRDA:229,23,0,1
BRDA:229,23,1,0
BRDA:231,24,0,1
BRDA:231,24,1,0
BRDA:233,25,0,0
BRDA:233,25,1,0
BRDA:258,26,0,1
BRDA:258,26,1,4
BRF:55
BRH:14
end_of_record
TN:
SF:/mnt/d/code/libraries/L.Control.NorkartSearch/src/SearchIcon.js
FN:5,(anonymous_0)
FNF:1
FNH:1
FNDA:2,(anonymous_0)
DA:4,1
DA:6,2
LF:2
LH:2
BRF:0
BRH:0
end_of_record
TN:
SF:/mnt/d/code/libraries/L.Control.NorkartSearch/tools/setupTests.js
FNF:0
FNH:0
DA:4,1
LF:1
LH:1
BRF:0
BRH:0
end_of_record
