TN:
SF:/mnt/d/code/libraries/L.Control.NorkartSearch/src/CloseBtn.js
FN:3,CloseBtn
FNF:1
FNH:1
FNDA:26,CloseBtn
DA:4,26
LF:1
LH:1
BRF:0
BRH:0
end_of_record
TN:
SF:/mnt/d/code/libraries/L.Control.NorkartSearch/src/HitElement.js
FN:6,(anonymous_0)
FN:12,(anonymous_1)
FN:16,(anonymous_2)
FNF:3
FNH:2
FNDA:4,(anonymous_0)
FNDA:0,(anonymous_1)
FNDA:63,(anonymous_2)
DA:4,1
DA:7,4
DA:8,4
DA:9,4
DA:13,0
DA:17,63
DA:18,63
DA:19,9
DA:21,63
DA:22,2
DA:24,63
LF:11
LH:10
BRDA:18,0,0,9
BRDA:18,0,1,54
BRDA:18,1,0,63
BRDA:18,1,1,9
BRDA:21,2,0,2
BRDA:21,2,1,61
BRF:6
BRH:6
end_of_record
TN:
SF:/mnt/d/code/libraries/L.Control.NorkartSearch/src/HitList.js
FN:8,(anonymous_0)
FN:17,(anonymous_1)
FN:29,(anonymous_2)
FNF:3
FNH:3
FNDA:44,(anonymous_0)
FNDA:63,(anonymous_1)
FNDA:63,(anonymous_2)
DA:6,1
DA:9,44
DA:10,2
DA:14,42
DA:15,21
DA:17,21
DA:18,63
DA:27,21
DA:30,63
LF:9
LH:9
BRDA:9,0,0,2
BRDA:9,0,1,42
BRDA:14,1,0,21
BRDA:14,1,1,21
BRDA:14,2,0,42
BRDA:14,2,1,26
BRF:6
BRH:6
end_of_record
TN:
SF:/mnt/d/code/libraries/L.Control.NorkartSearch/src/SearchBox.js
FN:8,searchAppBackend
FN:9,(anonymous_1)
FN:18,searchApiKey
FN:29,(anonymous_3)
FN:33,(anonymous_4)
FN:37,(anonymous_5)
FN:47,(anonymous_6)
FN:59,(anonymous_7)
FN:80,(anonymous_8)
FN:95,(anonymous_9)
FN:101,(anonymous_10)
FN:105,(anonymous_11)
FN:108,(anonymous_12)
FN:112,(anonymous_13)
FN:116,(anonymous_14)
FN:127,(anonymous_15)
FN:136,(anonymous_16)
FN:156,(anonymous_17)
FN:162,(anonymous_18)
FN:180,(anonymous_19)
FNF:20
FNH:15
FNDA:0,searchAppBackend
FNDA:0,(anonymous_1)
FNDA:12,searchApiKey
FNDA:16,(anonymous_3)
FNDA:0,(anonymous_4)
FNDA:1,(anonymous_5)
FNDA:16,(anonymous_6)
FNDA:11,(anonymous_7)
FNDA:6,(anonymous_8)
FNDA:0,(anonymous_9)
FNDA:13,(anonymous_10)
FNDA:1,(anonymous_11)
FNDA:0,(anonymous_12)
FNDA:9,(anonymous_13)
FNDA:9,(anonymous_14)
FNDA:1,(anonymous_15)
FNDA:12,(anonymous_16)
FNDA:2,(anonymous_17)
FNDA:14,(anonymous_18)
FNDA:47,(anonymous_19)
DA:9,0
DA:10,0
DA:14,0
DA:19,12
DA:20,12
DA:27,1
DA:30,16
DA:34,0
DA:38,1
DA:48,16
DA:61,11
DA:62,2
DA:63,0
DA:64,0
DA:66,0
DA:69,2
DA:70,2
DA:71,2
DA:73,9
DA:74,7
DA:75,2
DA:76,2
DA:82,6
DA:83,6
DA:84,6
DA:85,3
DA:87,6
DA:88,6
DA:90,5
DA:92,6
DA:96,0
DA:97,0
DA:102,13
DA:106,1
DA:109,0
DA:113,9
DA:117,9
DA:118,9
DA:119,9
DA:120,1
DA:121,8
DA:122,1
DA:124,9
DA:128,1
DA:137,12
DA:138,0
DA:139,12
DA:140,2
DA:145,10
DA:157,2
DA:158,2
DA:163,14
DA:164,14
DA:165,14
DA:166,13
DA:167,13
DA:168,12
DA:169,1
DA:170,0
DA:172,1
DA:175,1
DA:176,1
DA:181,47
LF:63
LH:51
BRDA:61,0,0,2
BRDA:61,0,1,9
BRDA:61,1,0,11
BRDA:61,1,1,10
BRDA:62,2,0,0
BRDA:62,2,1,2
BRDA:63,3,0,0
BRDA:63,3,1,0
BRDA:73,4,0,7
BRDA:73,4,1,2
BRDA:75,5,0,2
BRDA:75,5,1,0
BRDA:84,6,0,3
BRDA:84,6,1,3
BRDA:88,7,0,5
BRDA:88,7,1,1
BRDA:96,8,0,0
BRDA:96,8,1,0
BRDA:96,9,0,0
BRDA:96,9,1,0
BRDA:117,10,0,6
BRDA:117,10,1,3
BRDA:119,11,0,1
BRDA:119,11,1,8
BRDA:121,12,0,1
BRDA:121,12,1,7
BRDA:137,13,0,0
BRDA:137,13,1,12
BRDA:139,14,0,2
BRDA:139,14,1,10
BRDA:157,15,0,2
BRDA:157,15,1,0
BRDA:157,16,0,2
BRDA:157,16,1,2
BRDA:157,16,2,2
BRDA:165,17,0,13
BRDA:165,17,1,1
BRDA:167,18,0,12
BRDA:167,18,1,1
BRDA:169,19,0,0
BRDA:169,19,1,1
BRDA:194,20,0,26
BRDA:194,20,1,21
BRF:43
BRH:32
end_of_record
TN:
SF:/mnt/d/code/libraries/L.Control.NorkartSearch/src/SearchIcon.js
FN:5,(anonymous_0)
FNF:1
FNH:1
FNDA:44,(anonymous_0)
DA:4,1
DA:6,44
LF:2
LH:2
BRF:0
BRH:0
end_of_record
TN:
SF:/mnt/d/code/libraries/L.Control.NorkartSearch/tools/setupTests.js
FNF:0
FNH:0
DA:4,1
LF:1
LH:1
BRF:0
BRH:0
end_of_record
